<?xml version="1.0" encoding="UTF-8"?>
<testsuite name="letzautomate.TC001" tests="1" skipped="0" failures="0" errors="0" timestamp="2020-01-05T03:42:29" hostname="DESKTOP-OHCHA70" time="15.081">
  <properties/>
  <testcase name="tc001" classname="letzautomate.TC001" time="15.081"/>
  <system-out><![CDATA[[TestNG-test=Gradle test-1] INFO  letzautomate.utilities.TestcaseManager  - ---Execution is started for testcase Login Test one is started----
E:\LetsDoIT\gradle-testng-leanft-extentreports\leanft\src\test\resources\application\runapplication.bat
[TestNG-test=Gradle test-1] INFO  letzautomate.pages.common.LeanFTBasePage  - Before Random String creation
[TestNG-test=Gradle test-1] INFO  letzautomate.pages.common.LeanFTBasePage  - After Random String creation :: ZLRQq
[TestNG-test=Gradle test-1] INFO  letzautomate.utilities.ExtentManager  - Screenshot Destination :: E:\LetsDoIT\gradle-testng-leanft-extentreports\build\extent-reports\PASS_ZLRQq_20200105091236531.png
[TestNG-test=Gradle test-1] INFO  letzautomate.pages.common.LeanFTBasePage  - Before click the button :: 6
[TestNG-test=Gradle test-1] INFO  letzautomate.pages.common.LeanFTBasePage  - After click the button :: 6
[TestNG-test=Gradle test-1] INFO  letzautomate.pages.common.LeanFTBasePage  - Before Random String creation
[TestNG-test=Gradle test-1] INFO  letzautomate.pages.common.LeanFTBasePage  - After Random String creation :: T7rJJ
[TestNG-test=Gradle test-1] INFO  letzautomate.utilities.ExtentManager  - Screenshot Destination :: E:\LetsDoIT\gradle-testng-leanft-extentreports\build\extent-reports\PASS_T7rJJ_20200105091244329.png
[TestNG-test=Gradle test-1] INFO  letzautomate.pages.common.LeanFTBasePage  - Before Closing the window
[TestNG-test=Gradle test-1] INFO  letzautomate.pages.common.LeanFTBasePage  - After Closing the window
]]></system-out>
  <system-err><![CDATA[]]></system-err>
</testsuite>
